<?xml version="1.0" encoding="UTF-8"?>
<!-- Generated by org.testng.reporters.JUnitReportReporter -->
<testsuite hostname="Cleiton-PC" name="br.com.tecsinapse.practical.teste.Teste" tests="3" failures="0" timestamp="6 Aug 2015 00:56:36 GMT" time="0.003" errors="0">
  <testcase name="gerarPedidosAgrupados" time="0.002" classname="br.com.tecsinapse.practical.teste.Teste"/>
  <testcase name="gerarPedidosAgrupados" time="0.001" classname="br.com.tecsinapse.practical.teste.Teste"/>
  <testcase name="gerarPedidosAgrupados" time="0.000" classname="br.com.tecsinapse.practical.teste.Teste"/>
</testsuite> <!-- br.com.tecsinapse.practical.teste.Teste -->
